<?xml version="1.0" encoding="UTF-8"?>
<!-- Generated by org.testng.reporters.JUnitReportReporter -->
<testsuite hostname="DESKTOP-BF6O9SL" failures="0" tests="1" name="com.runners.RunnerClass" time="46.705" errors="0" timestamp="08 Jun 2019 14:15:14 GMT" skipped="0">
  <testcase classname="com.runners.RunnerClass" name="feature" time="46.705"/>
</testsuite> <!-- com.runners.RunnerClass -->
